<?xml version="1.0" encoding="UTF-8"?>
<testng-results ignored="0" total="1" passed="1" failed="0" skipped="0">
  <reporter-output>
  </reporter-output>
  <suite started-at="2021-04-12T10:26:25Z" name="Single" finished-at="2021-04-12T10:26:56Z" duration-ms="30782">
    <groups>
    </groups>
    <test started-at="2021-04-12T10:26:25Z" name="SBIGTestChrome" finished-at="2021-04-12T10:26:56Z" duration-ms="30782">
      <class name="Runner">
        <test-method is-config="true" signature="setUp(java.lang.String, java.lang.String)[pri:0, instance:Runner@6e509ffa]" started-at="2021-04-12T10:26:25Z" name="setUp" finished-at="2021-04-12T10:26:31Z" duration-ms="5986" status="PASS">
          <params>
            <param index="0">
              <value>
                <![CDATA[parallel.conf.json]]>
              </value>
            </param>
            <param index="1">
              <value>
                <![CDATA[chrome]]>
              </value>
            </param>
          </params>
          <reporter-output>
          </reporter-output>
        </test-method> <!-- setUp -->
        <test-method signature="homePageTest()[pri:0, instance:Runner@6e509ffa]" started-at="2021-04-12T10:26:31Z" name="homePageTest" finished-at="2021-04-12T10:26:54Z" duration-ms="23046" status="PASS">
          <reporter-output>
          </reporter-output>
        </test-method> <!-- homePageTest -->
        <test-method is-config="true" signature="tearDown()[pri:0, instance:Runner@6e509ffa]" started-at="2021-04-12T10:26:54Z" name="tearDown" finished-at="2021-04-12T10:26:56Z" duration-ms="1708" status="PASS">
          <reporter-output>
          </reporter-output>
        </test-method> <!-- tearDown -->
      </class> <!-- Runner -->
    </test> <!-- SBIGTestChrome -->
  </suite> <!-- Single -->
</testng-results>
